<?xml version='1.0' encoding='UTF-8'?>
<testsuite hostname="Georgis-MacBook-Air.local" name="SumOfMultiplesTest" tests="13" errors="0" failures="0" skipped="0" time="0.089" timestamp="2021-03-13T12:59:13">
                     <properties>
      <property name="awt.toolkit" value="sun.lwawt.macosx.LWCToolkit"/><property name="java.specification.version" value="11"/><property name="sun.cpu.isalist" value=""/><property name="sun.jnu.encoding" value="UTF-8"/><property name="sun.arch.data.model" value="64"/><property name="java.vendor.url" value="https://adoptopenjdk.net/"/><property name="sun.boot.library.path" value="/Users/georgisamardzhiev/Library/Caches/Coursier/jvm/adopt@1.11.0-9/Contents/Home/lib"/><property name="sun.java.command" value="/usr/local/Cellar/sbt/1.3.3/libexec/bin/sbt-launch.jar test"/><property name="jdk.debug" value="release"/><property name="java.specification.vendor" value="Oracle Corporation"/><property name="java.version.date" value="2020-10-20"/><property name="java.home" value="/Users/georgisamardzhiev/Library/Caches/Coursier/jvm/adopt@1.11.0-9/Contents/Home"/><property name="file.separator" value="/"/><property name="java.vm.compressedOopsMode" value="Zero based"/><property name="line.separator" value="
"/><property name="java.specification.name" value="Java Platform API Specification"/><property name="java.vm.specification.vendor" value="Oracle Corporation"/><property name="sun.management.compiler" value="HotSpot 64-Bit Tiered Compilers"/><property name="java.runtime.version" value="11.0.9+11"/><property name="user.name" value="georgisamardzhiev"/><property name="log4j.ignoreTCL" value="true"/><property name="file.encoding" value="UTF-8"/><property name="jnidispatch.path" value="/Users/georgisamardzhiev/Library/Caches/JNA/temp/jna12699810881664927611.tmp"/><property name="java.vendor.version" value="AdoptOpenJDK"/><property name="jna.loaded" value="true"/><property name="java.io.tmpdir" value="/var/folders/yt/w61w_f5j0sl207y6bljhbzvc0000gn/T/"/><property name="java.version" value="11.0.9"/><property name="java.vm.specification.name" value="Java Virtual Machine Specification"/><property name="java.awt.printerjob" value="sun.lwawt.macosx.CPrinterJob"/><property name="sun.os.patch.level" value="unknown"/><property name="java.library.path" value="/Users/georgisamardzhiev/Library/Java/Extensions:/Library/Java/Extensions:/Network/Library/Java/Extensions:/System/Library/Java/Extensions:/usr/lib/java:."/><property name="java.vendor" value="AdoptOpenJDK"/><property name="scala.ext.dirs" value="/Users/georgisamardzhiev/.sbt/0.13/java9-rt-ext-adoptopenjdk_11_0_9"/><property name="sun.io.unicode.encoding" value="UnicodeBig"/><property name="socksNonProxyHosts" value="local|*.local|169.254/16|*.169.254/16"/><property name="gopherProxySet" value="false"/><property name="java.class.path" value="/usr/local/Cellar/sbt/1.3.3/libexec/bin/sbt-launch.jar"/><property name="java.vm.vendor" value="AdoptOpenJDK"/><property name="jline.shutdownhook" value="false"/><property name="user.timezone" value="Europe/Sofia"/><property name="os.name" value="Mac OS X"/><property name="java.vm.specification.version" value="11"/><property name="sun.java.launcher" value="SUN_STANDARD"/><property name="user.country" value="GB"/><property name="http.nonProxyHosts" value="local|*.local|169.254/16|*.169.254/16"/><property name="sun.cpu.endian" value="little"/><property name="user.home" value="/Users/georgisamardzhiev"/><property name="user.language" value="en"/><property name="swoval.tmpdir" value="/Users/georgisamardzhiev/.sbt/1.0"/><property name="java.awt.graphicsenv" value="sun.awt.CGraphicsEnvironment"/><property name="jline.esc.timeout" value="0"/><property name="ftp.nonProxyHosts" value="local|*.local|169.254/16|*.169.254/16"/><property name="path.separator" value=":"/><property name="os.version" value="10.15.7"/><property name="jna.nosys" value="true"/><property name="java.runtime.name" value="OpenJDK Runtime Environment"/><property name="java.vm.name" value="OpenJDK 64-Bit Server VM"/><property name="jna.platform.library.path" value="/usr/lib:/usr/lib"/><property name="java.vendor.url.bug" value="https://github.com/AdoptOpenJDK/openjdk-support/issues"/><property name="user.dir" value="/Users/georgisamardzhiev/Documents/Code/scala/scala-learning-exercism/scala/sum-of-multiples"/><property name="os.arch" value="x86_64"/><property name="java.vm.info" value="mixed mode"/><property name="java.vm.version" value="11.0.9+11"/><property name="java.class.version" value="55.0"/>
    </properties>
                     <testcase classname="SumOfMultiplesTest" name="multiples of 3 or 5 up to 1" time="0.055">
                                                 
                                               </testcase><testcase classname="SumOfMultiplesTest" name="multiples of 3 or 5 up to 4" time="0.001">
                                                 
                                               </testcase><testcase classname="SumOfMultiplesTest" name="multiples of 3 up to 7" time="0.001">
                                                 
                                               </testcase><testcase classname="SumOfMultiplesTest" name="multiples of 3 or 5 up to 10" time="0.001">
                                                 
                                               </testcase><testcase classname="SumOfMultiplesTest" name="multiples of 3 or 5 up to 100" time="0.004">
                                                 
                                               </testcase><testcase classname="SumOfMultiplesTest" name="multiples of 3 or 5 up to 1000" time="0.016">
                                                 
                                               </testcase><testcase classname="SumOfMultiplesTest" name="multiples of 7, 13 or 17 up to 20" time="0.003">
                                                 
                                               </testcase><testcase classname="SumOfMultiplesTest" name="multiples of 4 or 6 up to 15" time="0.001">
                                                 
                                               </testcase><testcase classname="SumOfMultiplesTest" name="multiples of 5, 6 or 8 up to 150" time="0.001">
                                                 
                                               </testcase><testcase classname="SumOfMultiplesTest" name="multiples of 5 or 25 up to 51" time="0.001">
                                                 
                                               </testcase><testcase classname="SumOfMultiplesTest" name="multiples of 43 or 47 up to 10000" time="0.002">
                                                 
                                               </testcase><testcase classname="SumOfMultiplesTest" name="multiples of 1 up to 100" time="0.002">
                                                 
                                               </testcase><testcase classname="SumOfMultiplesTest" name="multiples of an empty list up to 10000" time="0.001">
                                                 
                                               </testcase>
                     <system-out><![CDATA[]]></system-out>
                     <system-err><![CDATA[]]></system-err>
                   </testsuite>